# JRE version: OpenJDK Runtime Environment (11.0.13+8) (build 11.0.13+8-post-Debian-1)
# Java VM: OpenJDK 64-Bit Server VM (11.0.13+8-post-Debian-1, mixed mode, sharing, tiered, compressed oops, g1 gc, linux-amd64)
Heap:
 garbage-first heap   total 512000K, used 340068K [0x0000000610200000, 0x0000000800000000)
  region size 2048K, 72 young (147456K), 7 survivors (14336K)
 Metaspace       used 29392K, capacity 29805K, committed 30972K, reserved 1077248K
  class space    used 3115K, capacity 3302K, committed 3660K, reserved 1048576K
GC Heap History (20 events):
Event: 361261.919 GC heap before
{Heap before GC invocations=161 (full 0):
 garbage-first heap   total 512000K, used 427113K [0x0000000610200000, 0x0000000800000000)
  region size 2048K, 123 young (251904K), 9 survivors (18432K)
 Metaspace       used 29316K, capacity 29734K, committed 30972K, reserved 1077248K
  class space    used 3113K, capacity 3300K, committed 3660K, reserved 1048576K
}
Event: 361261.920 GC heap after
{Heap after GC invocations=162 (full 0):
 garbage-first heap   total 512000K, used 189655K [0x0000000610200000, 0x0000000800000000)
  region size 2048K, 9 young (18432K), 9 survivors (18432K)
 Metaspace       used 29316K, capacity 29734K, committed 30972K, reserved 1077248K
  class space    used 3113K, capacity 3300K, committed 3660K, reserved 1048576K
}
Event: 361263.903 GC heap before
{Heap before GC invocations=162 (full 0):
 garbage-first heap   total 512000K, used 421079K [0x0000000610200000, 0x0000000800000000)
  region size 2048K, 123 young (251904K), 9 survivors (18432K)
 Metaspace       used 29316K, capacity 29734K, committed 30972K, reserved 1077248K
  class space    used 3113K, capacity 3300K, committed 3660K, reserved 1048576K
}
Event: 361263.904 GC heap after
{Heap after GC invocations=163 (full 0):
 garbage-first heap   total 512000K, used 191785K [0x0000000610200000, 0x0000000800000000)
  region size 2048K, 10 young (20480K), 10 survivors (20480K)
 Metaspace       used 29316K, capacity 29734K, committed 30972K, reserved 1077248K
  class space    used 3113K, capacity 3300K, committed 3660K, reserved 1048576K
}
Event: 361264.986 GC heap before
{Heap before GC invocations=163 (full 0):
 garbage-first heap   total 512000K, used 429353K [0x0000000610200000, 0x0000000800000000)
  region size 2048K, 123 young (251904K), 10 survivors (20480K)
 Metaspace       used 29316K, capacity 29734K, committed 30972K, reserved 1077248K
  class space    used 3113K, capacity 3300K, committed 3660K, reserved 1048576K
}
Event: 361264.988 GC heap after
{Heap after GC invocations=164 (full 0):
 garbage-first heap   total 512000K, used 191589K [0x0000000610200000, 0x0000000800000000)
  region size 2048K, 10 young (20480K), 10 survivors (20480K)
 Metaspace       used 29316K, capacity 29734K, committed 30972K, reserved 1077248K
  class space    used 3113K, capacity 3300K, committed 3660K, reserved 1048576K
}
Event: 361266.922 GC heap before
{Heap before GC invocations=164 (full 0):
 garbage-first heap   total 512000K, used 429157K [0x0000000610200000, 0x0000000800000000)
  region size 2048K, 124 young (253952K), 10 survivors (20480K)
 Metaspace       used 29316K, capacity 29734K, committed 30972K, reserved 1077248K
  class space    used 3113K, capacity 3300K, committed 3660K, reserved 1048576K
}
Event: 361266.923 GC heap after
{Heap after GC invocations=165 (full 0):
 garbage-first heap   total 512000K, used 193752K [0x0000000610200000, 0x0000000800000000)
  region size 2048K, 11 young (22528K), 11 survivors (22528K)
 Metaspace       used 29316K, capacity 29734K, committed 30972K, reserved 1077248K
  class space    used 3113K, capacity 3300K, committed 3660K, reserved 1048576K
}
Event: 361268.902 GC heap before
{Heap before GC invocations=165 (full 0):
 garbage-first heap   total 512000K, used 429272K [0x0000000610200000, 0x0000000800000000)
  region size 2048K, 123 young (251904K), 11 survivors (22528K)
 Metaspace       used 29316K, capacity 29734K, committed 30972K, reserved 1077248K
  class space    used 3113K, capacity 3300K, committed 3660K, reserved 1048576K
}
Event: 361268.903 GC heap after
{Heap after GC invocations=166 (full 0):
 garbage-first heap   total 512000K, used 193639K [0x0000000610200000, 0x0000000800000000)
  region size 2048K, 11 young (22528K), 11 survivors (22528K)
 Metaspace       used 29316K, capacity 29734K, committed 30972K, reserved 1077248K
  class space    used 3113K, capacity 3300K, committed 3660K, reserved 1048576K
}
Event: 361269.951 GC heap before
{Heap before GC invocations=166 (full 0):
 garbage-first heap   total 512000K, used 429159K [0x0000000610200000, 0x0000000800000000)
  region size 2048K, 123 young (251904K), 11 survivors (22528K)
 Metaspace       used 29316K, capacity 29734K, committed 30972K, reserved 1077248K
  class space    used 3113K, capacity 3300K, committed 3660K, reserved 1048576K
}
Event: 361269.953 GC heap after
{Heap after GC invocations=167 (full 0):
 garbage-first heap   total 512000K, used 189764K [0x0000000610200000, 0x0000000800000000)
  region size 2048K, 9 young (18432K), 9 survivors (18432K)
 Metaspace       used 29316K, capacity 29734K, committed 30972K, reserved 1077248K
  class space    used 3113K, capacity 3300K, committed 3660K, reserved 1048576K
}
Event: 361271.925 GC heap before
{Heap before GC invocations=167 (full 0):
 garbage-first heap   total 512000K, used 429380K [0x0000000610200000, 0x0000000800000000)
  region size 2048K, 124 young (253952K), 9 survivors (18432K)
 Metaspace       used 29316K, capacity 29734K, committed 30972K, reserved 1077248K
  class space    used 3113K, capacity 3300K, committed 3660K, reserved 1048576K
}
Event: 361271.926 GC heap after
{Heap after GC invocations=168 (full 0):
 garbage-first heap   total 512000K, used 191008K [0x0000000610200000, 0x0000000800000000)
  region size 2048K, 10 young (20480K), 10 survivors (20480K)
 Metaspace       used 29316K, capacity 29734K, committed 30972K, reserved 1077248K
  class space    used 3113K, capacity 3300K, committed 3660K, reserved 1048576K
}
Event: 361273.906 GC heap before
{Heap before GC invocations=168 (full 0):
 garbage-first heap   total 512000K, used 430624K [0x0000000610200000, 0x0000000800000000)
  region size 2048K, 124 young (253952K), 10 survivors (20480K)
 Metaspace       used 29316K, capacity 29734K, committed 30972K, reserved 1077248K
  class space    used 3113K, capacity 3300K, committed 3660K, reserved 1048576K
}
Event: 361273.907 GC heap after
{Heap after GC invocations=169 (full 0):
 garbage-first heap   total 512000K, used 191593K [0x0000000610200000, 0x0000000800000000)
  region size 2048K, 10 young (20480K), 10 survivors (20480K)
 Metaspace       used 29316K, capacity 29734K, committed 30972K, reserved 1077248K
  class space    used 3113K, capacity 3300K, committed 3660K, reserved 1048576K
}
Event: 361274.954 GC heap before
{Heap before GC invocations=169 (full 0):
 garbage-first heap   total 512000K, used 431209K [0x0000000610200000, 0x0000000800000000)
  region size 2048K, 124 young (253952K), 10 survivors (20480K)
 Metaspace       used 29316K, capacity 29734K, committed 30972K, reserved 1077248K
  class space    used 3113K, capacity 3300K, committed 3660K, reserved 1048576K
}
Event: 361274.955 GC heap after
{Heap after GC invocations=170 (full 0):
 garbage-first heap   total 512000K, used 189995K [0x0000000610200000, 0x0000000800000000)
  region size 2048K, 5 young (10240K), 5 survivors (10240K)
 Metaspace       used 29316K, capacity 29734K, committed 30972K, reserved 1077248K
  class space    used 3113K, capacity 3300K, committed 3660K, reserved 1048576K
}
Event: 533257.633 GC heap before
{Heap before GC invocations=170 (full 0):
 garbage-first heap   total 512000K, used 448043K [0x0000000610200000, 0x0000000800000000)
  region size 2048K, 120 young (245760K), 5 survivors (10240K)
 Metaspace       used 29349K, capacity 29799K, committed 30972K, reserved 1077248K
  class space    used 3113K, capacity 3300K, committed 3660K, reserved 1048576K
}
Event: 533257.635 GC heap after
{Heap after GC invocations=171 (full 0):
 garbage-first heap   total 512000K, used 211044K [0x0000000610200000, 0x0000000800000000)
  region size 2048K, 7 young (14336K), 7 survivors (14336K)
 Metaspace       used 29349K, capacity 29799K, committed 30972K, reserved 1077248K
  class space    used 3113K, capacity 3300K, committed 3660K, reserved 1048576K
}

